[2026-06-12 18:33:44 IST] ============================================================
[2026-06-12 18:33:44 IST]   NQ / MNQ PAPER TRADING BOT — STARTING
[2026-06-12 18:33:44 IST] ============================================================
[2026-06-12 18:33:44 IST] 
──────────────────────────────────────────────────
[2026-06-12 18:33:44 IST]   Processing NQ
[2026-06-12 18:33:44 IST] ──────────────────────────────────────────────────
[2026-06-12 18:33:44 IST]   Spot price : 29,628.50
[2026-06-12 18:33:44 IST]   Strategy   : Bull Call Spread
[2026-06-12 18:33:44 IST]   Expiry     : 2026-06-19  (DTE: 7 days)
[2026-06-12 18:33:44 IST]   Strikes    : 29625 / 29650 CE
[2026-06-12 18:33:44 IST]   Contracts  : 1
[2026-06-12 18:33:44 IST]   Entry Prem : $153.77
[2026-06-12 18:33:44 IST]   Exit Prem  : $238.13
[2026-06-12 18:33:44 IST]   Gross P&L  : $84.36
[2026-06-12 18:33:44 IST]   Total Fees : $7.40
[2026-06-12 18:33:44 IST]   Net P&L    : $76.96
[2026-06-12 18:33:44 IST]   Outcome    : PROFIT
[2026-06-12 18:33:44 IST] 
──────────────────────────────────────────────────
[2026-06-12 18:33:44 IST]   Processing MNQ
[2026-06-12 18:33:44 IST] ──────────────────────────────────────────────────
[2026-06-12 18:33:44 IST]   Spot price : 29,628.25
[2026-06-12 18:33:44 IST]   Strategy   : Bull Call Spread
[2026-06-12 18:33:44 IST]   Expiry     : 2026-06-19  (DTE: 7 days)
[2026-06-12 18:33:44 IST]   Strikes    : 29625 / 29650 CE
[2026-06-12 18:33:44 IST]   Contracts  : 3
[2026-06-12 18:33:44 IST]   Entry Prem : $22.38
[2026-06-12 18:33:44 IST]   Exit Prem  : $9.39
[2026-06-12 18:33:44 IST]   Gross P&L  : $-38.97
[2026-06-12 18:33:44 IST]   Total Fees : $4.92
[2026-06-12 18:33:44 IST]   Net P&L    : $-43.89
[2026-06-12 18:33:44 IST]   Outcome    : STOP LOSS
[2026-06-12 18:33:44 IST] 
✅ Journal saved → trading_journal.xlsx
[2026-06-12 18:33:44 IST] 
============================================================
[2026-06-12 18:33:44 IST]   TRADE SUMMARY
[2026-06-12 18:33:44 IST] ============================================================
[2026-06-12 18:33:44 IST]   NQ     PROFIT      Net P&L: $   76.96  Fees: $7.40
[2026-06-12 18:33:44 IST]   MNQ    STOP LOSS   Net P&L: $  -43.89  Fees: $4.92
[2026-06-12 18:33:44 IST]   ──────────────────────────────────────────────
[2026-06-12 18:33:44 IST]   TOTAL                      Net P&L: $   33.07  Fees: $12.32
[2026-06-12 18:33:44 IST] ============================================================
[2026-06-12 18:33:44 IST]   Today's run complete. Next run tomorrow at 10:00 ET.
[2026-06-12 18:33:44 IST] ============================================================
[2026-06-12 18:43:57 IST] ============================================================
[2026-06-12 18:43:57 IST]   NQ / MNQ PAPER TRADING BOT — STARTING
[2026-06-12 18:43:57 IST] ============================================================
[2026-06-12 18:43:57 IST] 
──────────────────────────────────────────────────
[2026-06-12 18:43:57 IST]   Processing NQ
[2026-06-12 18:43:57 IST] ──────────────────────────────────────────────────
[2026-06-12 18:43:58 IST]   Spot price : 29,689.50
[2026-06-12 18:43:58 IST]   Strategy   : Bull Call Spread
[2026-06-12 18:43:58 IST]   Expiry     : 2026-06-19  (DTE: 7 days)
[2026-06-12 18:43:58 IST]   Strikes    : 29675 / 29700 CE
[2026-06-12 18:43:58 IST]   Contracts  : 5
[2026-06-12 18:43:58 IST]   Entry Prem : $187.07
[2026-06-12 18:43:58 IST]   Exit Prem  : $305.97
[2026-06-12 18:43:58 IST]   Gross P&L  : $594.50
[2026-06-12 18:43:58 IST]   Total Fees : $37.00
[2026-06-12 18:43:58 IST]   Net P&L    : $557.50
[2026-06-12 18:43:58 IST]   Outcome    : PROFIT
[2026-06-12 18:43:58 IST] 
──────────────────────────────────────────────────
[2026-06-12 18:43:58 IST]   Processing MNQ
[2026-06-12 18:43:58 IST] ──────────────────────────────────────────────────
[2026-06-12 18:43:58 IST]   Spot price : 29,689.75
[2026-06-12 18:43:58 IST]   Strategy   : Bull Call Spread
[2026-06-12 18:43:58 IST]   Expiry     : 2026-06-19  (DTE: 7 days)
[2026-06-12 18:43:58 IST]   Strikes    : 29675 / 29700 CE
[2026-06-12 18:43:58 IST]   Contracts  : 45
[2026-06-12 18:43:58 IST]   Entry Prem : $20.30
[2026-06-12 18:43:58 IST]   Exit Prem  : $28.82
[2026-06-12 18:43:58 IST]   Gross P&L  : $383.40
[2026-06-12 18:43:58 IST]   Total Fees : $73.80
[2026-06-12 18:43:58 IST]   Net P&L    : $309.60
[2026-06-12 18:43:58 IST]   Outcome    : PROFIT
[2026-06-12 18:43:58 IST] 
✅ Journal saved → trading_journal.xlsx
[2026-06-12 18:43:58 IST] 
============================================================
[2026-06-12 18:43:58 IST]   TRADE SUMMARY
[2026-06-12 18:43:58 IST] ============================================================
[2026-06-12 18:43:58 IST]   NQ     PROFIT      Net P&L: $  557.50  Fees: $37.00
[2026-06-12 18:43:58 IST]   MNQ    PROFIT      Net P&L: $  309.60  Fees: $73.80
[2026-06-12 18:43:58 IST]   ──────────────────────────────────────────────
[2026-06-12 18:43:58 IST]   TOTAL                      Net P&L: $  867.10  Fees: $110.80
[2026-06-12 18:43:58 IST] ============================================================
[2026-06-12 18:43:58 IST]   Today's run complete. Next run tomorrow at 10:00 ET.
[2026-06-12 18:43:58 IST] ============================================================
[2026-06-14 14:33:05 IST] ============================================================
[2026-06-14 14:33:05 IST]   NQ / MNQ PAPER TRADING BOT — STARTING
[2026-06-14 14:33:05 IST] ============================================================
[2026-06-14 14:33:05 IST] 2026-06-14 is not a US trading day. Exiting.
[2026-06-14 14:39:11 IST] ============================================================
[2026-06-14 14:39:11 IST]   NQ / MNQ PAPER TRADING BOT — STARTING
[2026-06-14 14:39:11 IST] ============================================================
[2026-06-14 14:39:11 IST] 2026-06-14 is not a US trading day. Exiting.
[2026-06-14 14:46:40 IST] ============================================================
[2026-06-14 14:46:40 IST]   NQ / MNQ PAPER TRADING BOT — STARTING
[2026-06-14 14:46:40 IST] ============================================================
[2026-06-14 14:46:40 IST] 2026-06-14 is not a US trading day. Exiting.
[2026-06-15 18:52:43 IST] ============================================================
[2026-06-15 18:52:43 IST]   NQ / MNQ PAPER TRADING BOT — STARTING
[2026-06-15 18:52:43 IST] ============================================================
[2026-06-15 18:52:43 IST] 
──────────────────────────────────────────────────
[2026-06-15 18:52:43 IST]   Processing NQ
[2026-06-15 18:52:43 IST] ──────────────────────────────────────────────────
[2026-06-15 18:52:43 IST]   Spot price : 30,878.50
[2026-06-15 18:52:43 IST]   Strategy   : Bull Call Spread
[2026-06-15 18:52:43 IST]   Expiry     : 2026-06-19  (DTE: 4 days)
[2026-06-15 18:52:43 IST]   Strikes    : 30875 / 30900 CE
[2026-06-15 18:52:43 IST]   Contracts  : 7
[2026-06-15 18:52:43 IST]   Entry Prem : $124.58
[2026-06-15 18:52:43 IST]   Exit Prem  : $237.21
[2026-06-15 18:52:43 IST]   Gross P&L  : $788.41
[2026-06-15 18:52:43 IST]   Total Fees : $51.80
[2026-06-15 18:52:43 IST]   Net P&L    : $736.61
[2026-06-15 18:52:43 IST]   Outcome    : PROFIT
[2026-06-15 18:52:43 IST] 
──────────────────────────────────────────────────
[2026-06-15 18:52:43 IST]   Processing MNQ
[2026-06-15 18:52:43 IST] ──────────────────────────────────────────────────
[2026-06-15 18:52:43 IST]   Spot price : 30,876.00
[2026-06-15 18:52:43 IST]   Strategy   : Bull Call Spread
[2026-06-15 18:52:43 IST]   Expiry     : 2026-06-19  (DTE: 4 days)
[2026-06-15 18:52:43 IST]   Strikes    : 30875 / 30900 CE
[2026-06-15 18:52:43 IST]   Contracts  : 71
[2026-06-15 18:52:43 IST]   Entry Prem : $12.33
[2026-06-15 18:52:43 IST]   Exit Prem  : $23.63
[2026-06-15 18:52:43 IST]   Gross P&L  : $802.30
[2026-06-15 18:52:43 IST]   Total Fees : $116.44
[2026-06-15 18:52:43 IST]   Net P&L    : $685.86
[2026-06-15 18:52:43 IST]   Outcome    : PROFIT
[2026-06-15 18:52:44 IST] 
✅ Journal saved → trading_journal.xlsx
[2026-06-15 18:52:44 IST] 
============================================================
[2026-06-15 18:52:44 IST]   TRADE SUMMARY
[2026-06-15 18:52:44 IST] ============================================================
[2026-06-15 18:52:44 IST]   NQ     PROFIT      Net P&L: $  736.61  Fees: $51.80
[2026-06-15 18:52:44 IST]   MNQ    PROFIT      Net P&L: $  685.86  Fees: $116.44
[2026-06-15 18:52:44 IST]   ──────────────────────────────────────────────
[2026-06-15 18:52:44 IST]   TOTAL                      Net P&L: $1,422.47  Fees: $168.24
[2026-06-15 18:52:44 IST] ============================================================
[2026-06-15 18:52:44 IST]   Today's run complete. Next run tomorrow at 10:00 ET.
[2026-06-15 18:52:44 IST] ============================================================
[2026-06-15 19:13:38 IST] ============================================================
[2026-06-15 19:13:38 IST]   NQ / MNQ PAPER TRADING BOT — STARTING
[2026-06-15 19:13:38 IST] ============================================================
[2026-06-15 19:13:38 IST] 
──────────────────────────────────────────────────
[2026-06-15 19:13:38 IST]   Processing NQ
[2026-06-15 19:13:38 IST] ──────────────────────────────────────────────────
[2026-06-15 19:13:38 IST]   Spot price : 30,863.00
[2026-06-15 19:13:38 IST]   Strategy   : Bull Call Spread
[2026-06-15 19:13:38 IST]   Expiry     : 2026-06-19  (DTE: 4 days)
[2026-06-15 19:13:38 IST]   Strikes    : 30850 / 30875 CE
[2026-06-15 19:13:38 IST]   Contracts  : 7
[2026-06-15 19:13:38 IST]   Entry Prem : $121.65
[2026-06-15 19:13:38 IST]   Exit Prem  : $125.64
[2026-06-15 19:13:38 IST]   Gross P&L  : $27.93
[2026-06-15 19:13:38 IST]   Total Fees : $51.80
[2026-06-15 19:13:38 IST]   Net P&L    : $-23.87
[2026-06-15 19:13:38 IST]   Outcome    : FLAT
[2026-06-15 19:13:38 IST] 
──────────────────────────────────────────────────
[2026-06-15 19:13:38 IST]   Processing MNQ
[2026-06-15 19:13:38 IST] ──────────────────────────────────────────────────
[2026-06-15 19:13:38 IST]   Spot price : 30,863.75
[2026-06-15 19:13:38 IST]   Strategy   : Bull Call Spread
[2026-06-15 19:13:38 IST]   Expiry     : 2026-06-19  (DTE: 4 days)
[2026-06-15 19:13:38 IST]   Strikes    : 30850 / 30875 CE
[2026-06-15 19:13:38 IST]   Contracts  : 78
[2026-06-15 19:13:38 IST]   Entry Prem : $11.14
[2026-06-15 19:13:38 IST]   Exit Prem  : $11.18
[2026-06-15 19:13:38 IST]   Gross P&L  : $3.12
[2026-06-15 19:13:38 IST]   Total Fees : $127.92
[2026-06-15 19:13:38 IST]   Net P&L    : $-124.80
[2026-06-15 19:13:38 IST]   Outcome    : FLAT
[2026-06-15 19:13:38 IST] 
✅ Journal saved → trading_journal.xlsx
[2026-06-15 19:13:38 IST] 
============================================================
[2026-06-15 19:13:38 IST]   TRADE SUMMARY
[2026-06-15 19:13:38 IST] ============================================================
[2026-06-15 19:13:38 IST]   NQ     FLAT        Net P&L: $  -23.87  Fees: $51.80
[2026-06-15 19:13:38 IST]   MNQ    FLAT        Net P&L: $ -124.80  Fees: $127.92
[2026-06-15 19:13:38 IST]   ──────────────────────────────────────────────
[2026-06-15 19:13:38 IST]   TOTAL                      Net P&L: $ -148.67  Fees: $179.72
[2026-06-15 19:13:38 IST] ============================================================
[2026-06-15 19:13:38 IST]   Today's run complete. Next run tomorrow at 10:00 ET.
[2026-06-15 19:13:38 IST] ============================================================
[2026-06-17 14:41:22 IST] ============================================================
[2026-06-17 14:41:22 IST]   NQ / MNQ PAPER TRADING BOT — STARTING
[2026-06-17 14:41:22 IST] ============================================================
[2026-06-17 14:41:22 IST] 
──────────────────────────────────────────────────
[2026-06-17 14:41:22 IST]   Processing NQ
[2026-06-17 14:41:22 IST] ──────────────────────────────────────────────────
[2026-06-17 14:41:23 IST]   Spot price : 30,463.75
[2026-06-17 14:41:23 IST]   Strategy   : Bull Call Spread
[2026-06-17 14:41:23 IST]   Expiry     : 2026-06-19  (DTE: 2 days)
[2026-06-17 14:41:23 IST]   Strikes    : 30450 / 30475 CE
[2026-06-17 14:41:23 IST]   Contracts  : 6
[2026-06-17 14:41:23 IST]   Entry Prem : $139.72
[2026-06-17 14:41:23 IST]   Exit Prem  : $144.35
[2026-06-17 14:41:23 IST]   Gross P&L  : $27.78
[2026-06-17 14:41:23 IST]   Total Fees : $44.40
[2026-06-17 14:41:23 IST]   Net P&L    : $-16.62
[2026-06-17 14:41:23 IST]   Outcome    : FLAT
[2026-06-17 14:41:23 IST] 
──────────────────────────────────────────────────
[2026-06-17 14:41:23 IST]   Processing MNQ
[2026-06-17 14:41:23 IST] ──────────────────────────────────────────────────
[2026-06-17 14:41:23 IST]   Spot price : 30,463.75
[2026-06-17 14:41:23 IST]   Strategy   : Bull Call Spread
[2026-06-17 14:41:23 IST]   Expiry     : 2026-06-19  (DTE: 2 days)
[2026-06-17 14:41:23 IST]   Strikes    : 30450 / 30475 CE
[2026-06-17 14:41:23 IST]   Contracts  : 60
[2026-06-17 14:41:23 IST]   Entry Prem : $14.80
[2026-06-17 14:41:23 IST]   Exit Prem  : $10.36
[2026-06-17 14:41:23 IST]   Gross P&L  : $-266.40
[2026-06-17 14:41:23 IST]   Total Fees : $98.40
[2026-06-17 14:41:23 IST]   Net P&L    : $-364.80
[2026-06-17 14:41:23 IST]   Outcome    : STOP LOSS
[2026-06-17 14:41:23 IST] 
✅ Journal saved → trading_journal.xlsx
[2026-06-17 14:41:23 IST] 
============================================================
[2026-06-17 14:41:23 IST]   TRADE SUMMARY
[2026-06-17 14:41:23 IST] ============================================================
[2026-06-17 14:41:23 IST]   NQ     FLAT        Net P&L: $  -16.62  Fees: $44.40
[2026-06-17 14:41:23 IST]   MNQ    STOP LOSS   Net P&L: $ -364.80  Fees: $98.40
[2026-06-17 14:41:23 IST]   ──────────────────────────────────────────────
[2026-06-17 14:41:23 IST]   TOTAL                      Net P&L: $ -381.42  Fees: $142.80
[2026-06-17 14:41:23 IST] ============================================================
[2026-06-17 14:41:23 IST]   Today's run complete. Next run tomorrow at 10:00 ET.
[2026-06-17 14:41:23 IST] ============================================================
[2026-06-18 14:35:37 IST] ============================================================
[2026-06-18 14:35:37 IST]   NQ / MNQ PAPER TRADING BOT — STARTING
[2026-06-18 14:35:37 IST] ============================================================
[2026-06-18 14:35:37 IST] 
──────────────────────────────────────────────────
[2026-06-18 14:35:37 IST]   Processing NQ
[2026-06-18 14:35:37 IST] ──────────────────────────────────────────────────
[2026-06-18 14:35:37 IST]   Spot price : 30,623.75
[2026-06-18 14:35:37 IST]   Strategy   : Bull Call Spread
[2026-06-18 14:35:37 IST]   Expiry     : 2026-06-19  (DTE: 1 days)
[2026-06-18 14:35:37 IST]   Strikes    : 30600 / 30625 CE
[2026-06-18 14:35:37 IST]   Contracts  : 6
[2026-06-18 14:35:37 IST]   Entry Prem : $148.00
[2026-06-18 14:35:37 IST]   Exit Prem  : $103.60
[2026-06-18 14:35:37 IST]   Gross P&L  : $-266.40
[2026-06-18 14:35:37 IST]   Total Fees : $44.40
[2026-06-18 14:35:37 IST]   Net P&L    : $-310.80
[2026-06-18 14:35:37 IST]   Outcome    : STOP LOSS
[2026-06-18 14:35:37 IST] 
──────────────────────────────────────────────────
[2026-06-18 14:35:37 IST]   Processing MNQ
[2026-06-18 14:35:37 IST] ──────────────────────────────────────────────────
[2026-06-18 14:35:37 IST]   Spot price : 30,623.50
[2026-06-18 14:35:37 IST]   Strategy   : Bull Call Spread
[2026-06-18 14:35:37 IST]   Expiry     : 2026-06-19  (DTE: 1 days)
[2026-06-18 14:35:37 IST]   Strikes    : 30600 / 30625 CE
[2026-06-18 14:35:37 IST]   Contracts  : 63
[2026-06-18 14:35:37 IST]   Entry Prem : $14.18
[2026-06-18 14:35:37 IST]   Exit Prem  : $9.93
[2026-06-18 14:35:37 IST]   Gross P&L  : $-267.75
[2026-06-18 14:35:37 IST]   Total Fees : $103.32
[2026-06-18 14:35:37 IST]   Net P&L    : $-371.07
[2026-06-18 14:35:37 IST]   Outcome    : STOP LOSS
[2026-06-18 14:35:37 IST] 
✅ Journal saved → trading_journal.xlsx
[2026-06-18 14:35:37 IST] 
============================================================
[2026-06-18 14:35:37 IST]   TRADE SUMMARY
[2026-06-18 14:35:37 IST] ============================================================
[2026-06-18 14:35:37 IST]   NQ     STOP LOSS   Net P&L: $ -310.80  Fees: $44.40
[2026-06-18 14:35:37 IST]   MNQ    STOP LOSS   Net P&L: $ -371.07  Fees: $103.32
[2026-06-18 14:35:37 IST]   ──────────────────────────────────────────────
[2026-06-18 14:35:37 IST]   TOTAL                      Net P&L: $ -681.87  Fees: $147.72
[2026-06-18 14:35:37 IST] ============================================================
[2026-06-18 14:35:37 IST]   Today's run complete. Next run tomorrow at 10:00 ET.
[2026-06-18 14:35:37 IST] ============================================================
