[2026-06-14 15:26:46 IST] =================================================================
[2026-06-14 15:26:46 IST]   NIFTY / BANKNIFTY SMART TREND BOT — STARTING
[2026-06-14 15:26:46 IST] =================================================================
[2026-06-14 15:26:46 IST] 2026-06-14 is not an Indian market trading day. Exiting.
[2026-06-14 15:37:14 IST] =================================================================
[2026-06-14 15:37:14 IST]   NIFTY/BANKNIFTY — 4 STRATEGY COMPARISON BOT
[2026-06-14 15:37:14 IST] =================================================================
[2026-06-14 15:37:14 IST] 2026-06-14 is not a trading day. Exiting.
[2026-06-14 18:29:36 IST] =================================================================
[2026-06-14 18:29:36 IST]   NIFTY/BANKNIFTY — 4 STRATEGY COMPARISON BOT
[2026-06-14 18:29:36 IST] =================================================================
[2026-06-14 18:29:36 IST] 2026-06-14 is not a trading day. Exiting.
[2026-06-15 18:52:43 IST] =================================================================
[2026-06-15 18:52:43 IST]   NIFTY/BANKNIFTY — 4 STRATEGY COMPARISON BOT
[2026-06-15 18:52:43 IST] =================================================================
[2026-06-15 18:52:43 IST] 
───────────────────────────────────────────────────────
[2026-06-15 18:52:43 IST]   NIFTY
[2026-06-15 18:52:43 IST] ───────────────────────────────────────────────────────
[2026-06-15 18:52:43 IST]   Current    : 23,622.90
[2026-06-15 18:52:43 IST]   Prev Close : 23,161.60
[2026-06-15 18:52:43 IST]   Trend      : SKIP  (Conflicting — Price:BULLISH EMA:BEARISH)
[2026-06-15 18:52:43 IST]   Expiry     : 2026-06-18  DTE: 3
[2026-06-15 18:52:43 IST] 
  [Bull Call Spread]
[2026-06-15 18:52:43 IST]   Outcome: PROFIT  Net: ₹41,720.21
[2026-06-15 18:52:43 IST] 
  [Bear Put Spread]
[2026-06-15 18:52:43 IST]   Outcome: PROFIT  Net: ₹30,395.17
[2026-06-15 18:52:43 IST] 
  [Both Spreads]
[2026-06-15 18:52:43 IST]   Bull Call Spread       Outcome: PROFIT  Net: ₹35,156.30
[2026-06-15 18:52:43 IST]   Bear Put Spread        Outcome: STOP LOSS  Net: ₹-14,664.86
[2026-06-15 18:52:43 IST] 
  [Smart Trend]
[2026-06-15 18:52:43 IST]   ⚠️  SKIP — conflicting signals
[2026-06-15 18:52:43 IST] 
───────────────────────────────────────────────────────
[2026-06-15 18:52:43 IST]   BANKNIFTY
[2026-06-15 18:52:43 IST] ───────────────────────────────────────────────────────
[2026-06-15 18:52:43 IST]   Current    : 56,814.80
[2026-06-15 18:52:43 IST]   Prev Close : 55,176.75
[2026-06-15 18:52:43 IST]   Trend      : BULLISH  (Price↑(56814.8>55176.75) & EMA9↑(55104.01>54716.74))
[2026-06-15 18:52:43 IST]   Expiry     : 2026-06-25  DTE: 10
[2026-06-15 18:52:43 IST] 
  [Bull Call Spread]
[2026-06-15 18:52:43 IST]   Outcome: FLAT  Net: ₹2,267.27
[2026-06-15 18:52:43 IST] 
  [Bear Put Spread]
[2026-06-15 18:52:43 IST]   Outcome: PROFIT  Net: ₹19,786.97
[2026-06-15 18:52:43 IST] 
  [Both Spreads]
[2026-06-15 18:52:43 IST]   Bull Call Spread       Outcome: PROFIT  Net: ₹16,255.11
[2026-06-15 18:52:43 IST]   Bear Put Spread        Outcome: PROFIT  Net: ₹15,943.84
[2026-06-15 18:52:43 IST] 
  [Smart Trend]
[2026-06-15 18:52:43 IST]   Bull Call Spread       Outcome: PROFIT  Net: ₹23,356.05
[2026-06-15 18:52:43 IST] 
✅ Journal saved → trading_journal.xlsx
[2026-06-15 18:52:43 IST] 
=================================================================
[2026-06-15 18:52:43 IST]   SUMMARY — ALL STRATEGIES
[2026-06-15 18:52:43 IST] =================================================================
[2026-06-15 18:52:43 IST]   Sheet                     Spread                 Outcome           Net P&L
[2026-06-15 18:52:43 IST]   ────────────────────────────────────────────────────────────────────────
[2026-06-15 18:52:43 IST]   NIFTY_BullCall            Bull Call Spread       PROFIT       ₹ 41,720.21
[2026-06-15 18:52:43 IST]   NIFTY_BearPut             Bear Put Spread        PROFIT       ₹ 30,395.17
[2026-06-15 18:52:43 IST]   NIFTY_Both                Bull Call Spread       PROFIT       ₹ 35,156.30
[2026-06-15 18:52:43 IST]   NIFTY_Both                Bear Put Spread        STOP LOSS    ₹-14,664.86
[2026-06-15 18:52:43 IST]   BANKNIFTY_BullCall        Bull Call Spread       FLAT         ₹  2,267.27
[2026-06-15 18:52:43 IST]   BANKNIFTY_BearPut         Bear Put Spread        PROFIT       ₹ 19,786.97
[2026-06-15 18:52:43 IST]   BANKNIFTY_Both            Bull Call Spread       PROFIT       ₹ 16,255.11
[2026-06-15 18:52:43 IST]   BANKNIFTY_Both            Bear Put Spread        PROFIT       ₹ 15,943.84
[2026-06-15 18:52:43 IST]   BANKNIFTY_Smart           Bull Call Spread       PROFIT       ₹ 23,356.05
[2026-06-15 18:52:43 IST]   ────────────────────────────────────────────────────────────────────────
[2026-06-15 18:52:43 IST]   TOTAL                                                        ₹170,216.06
[2026-06-15 18:52:43 IST] =================================================================
